This is pdfTeX, Version 3.141592653-2.6-1.40.24 (TeX Live 2022) (preloaded format=pdflatex 2023.2.26)  22 APR 2023 11:46
entering extended mode
 restricted \write18 enabled.
 file:line:error style messages enabled.
 %&-line parsing enabled.
**Apuntes.tex
(./Apuntes.tex
LaTeX2e <2022-11-01> patch level 1
L3 programming layer <2023-02-22>
(c:/texlive/2022/texmf-dist/tex/latex/base/article.cls
Document Class: article 2022/07/02 v1.4n Standard LaTeX document class
(c:/texlive/2022/texmf-dist/tex/latex/base/size12.clo
File: size12.clo 2022/07/02 v1.4n Standard LaTeX file (size option)
)
\c@part=\count185
\c@section=\count186
\c@subsection=\count187
\c@subsubsection=\count188
\c@paragraph=\count189
\c@subparagraph=\count190
\c@figure=\count191
\c@table=\count192
\abovecaptionskip=\skip48
\belowcaptionskip=\skip49
\bibindent=\dimen140
)
(c:/texlive/2022/texmf-dist/tex/latex/base/inputenc.sty
Package: inputenc 2021/02/14 v1.3d Input encoding file
\inpenc@prehook=\toks16
\inpenc@posthook=\toks17
)
(c:/texlive/2022/texmf-dist/tex/generic/babel/babel.sty
Package: babel 2023/02/13 3.86 The Babel package
\babel@savecnt=\count193
\U@D=\dimen141
\l@unhyphenated=\language87

(c:/texlive/2022/texmf-dist/tex/generic/babel/txtbabel.def)
\bbl@readstream=\read2
\bbl@dirlevel=\count194

(c:/texlive/2022/texmf-dist/tex/generic/babel-spanish/spanish.ldf
Language: spanish.ldf 2021/05/27 v5.0q Spanish support from the babel system
\es@quottoks=\toks18
\es@quotdepth=\count195
Package babel Info: Making " an active character on input line 570.
Package babel Info: Making . an active character on input line 675.
Package babel Info: Making < an active character on input line 722.
Package babel Info: Making > an active character on input line 722.
))
(c:/texlive/2022/texmf-dist/tex/generic/babel/locale/es/babel-spanish.tex
Package babel Info: Importing font and identification data for spanish
(babel)             from babel-es.ini. Reported on input line 11.
)
(c:/texlive/2022/texmf-dist/tex/latex/base/fontenc.sty
Package: fontenc 2021/04/29 v2.0v Standard LaTeX package
)
(c:/texlive/2022/texmf-dist/tex/latex/amsmath/amsmath.sty
Package: amsmath 2022/04/08 v2.17n AMS math features
\@mathmargin=\skip50

For additional information on amsmath, use the `?' option.
(c:/texlive/2022/texmf-dist/tex/latex/amsmath/amstext.sty
Package: amstext 2021/08/26 v2.01 AMS text

(c:/texlive/2022/texmf-dist/tex/latex/amsmath/amsgen.sty
File: amsgen.sty 1999/11/30 v2.0 generic functions
\@emptytoks=\toks19
\ex@=\dimen142
))
(c:/texlive/2022/texmf-dist/tex/latex/amsmath/amsbsy.sty
Package: amsbsy 1999/11/29 v1.2d Bold Symbols
\pmbraise@=\dimen143
)
(c:/texlive/2022/texmf-dist/tex/latex/amsmath/amsopn.sty
Package: amsopn 2022/04/08 v2.04 operator names
)
\inf@bad=\count196
LaTeX Info: Redefining \frac on input line 234.
\uproot@=\count197
\leftroot@=\count198
LaTeX Info: Redefining \overline on input line 399.
LaTeX Info: Redefining \colon on input line 410.
\classnum@=\count199
\DOTSCASE@=\count266
LaTeX Info: Redefining \ldots on input line 496.
LaTeX Info: Redefining \dots on input line 499.
LaTeX Info: Redefining \cdots on input line 620.
\Mathstrutbox@=\box51
\strutbox@=\box52
LaTeX Info: Redefining \big on input line 722.
LaTeX Info: Redefining \Big on input line 723.
LaTeX Info: Redefining \bigg on input line 724.
LaTeX Info: Redefining \Bigg on input line 725.
\big@size=\dimen144
LaTeX Font Info:    Redeclaring font encoding OML on input line 743.
LaTeX Font Info:    Redeclaring font encoding OMS on input line 744.
\macc@depth=\count267
LaTeX Info: Redefining \bmod on input line 905.
LaTeX Info: Redefining \pmod on input line 910.
LaTeX Info: Redefining \smash on input line 940.
LaTeX Info: Redefining \relbar on input line 970.
LaTeX Info: Redefining \Relbar on input line 971.
\c@MaxMatrixCols=\count268
\dotsspace@=\muskip16
\c@parentequation=\count269
\dspbrk@lvl=\count270
\tag@help=\toks20
\row@=\count271
\column@=\count272
\maxfields@=\count273
\andhelp@=\toks21
\eqnshift@=\dimen145
\alignsep@=\dimen146
\tagshift@=\dimen147
\tagwidth@=\dimen148
\totwidth@=\dimen149
\lineht@=\dimen150
\@envbody=\toks22
\multlinegap=\skip51
\multlinetaggap=\skip52
\mathdisplay@stack=\toks23
LaTeX Info: Redefining \[ on input line 2953.
LaTeX Info: Redefining \] on input line 2954.
)
(c:/texlive/2022/texmf-dist/tex/latex/amscls/amsthm.sty
Package: amsthm 2020/05/29 v2.20.6
\thm@style=\toks24
\thm@bodyfont=\toks25
\thm@headfont=\toks26
\thm@notefont=\toks27
\thm@headpunct=\toks28
\thm@preskip=\skip53
\thm@postskip=\skip54
\thm@headsep=\skip55
\dth@everypar=\toks29
)
(c:/texlive/2022/texmf-dist/tex/latex/amsfonts/amsfonts.sty
Package: amsfonts 2013/01/14 v3.01 Basic AMSFonts support
\symAMSa=\mathgroup4
\symAMSb=\mathgroup5
LaTeX Font Info:    Redeclaring math symbol \hbar on input line 98.
LaTeX Font Info:    Overwriting math alphabet `\mathfrak' in version `bold'
(Font)                  U/euf/m/n --> U/euf/b/n on input line 106.
)
(c:/texlive/2022/texmf-dist/tex/latex/amsfonts/amssymb.sty
Package: amssymb 2013/01/14 v3.01 AMS font symbols
)
(c:/texlive/2022/texmf-dist/tex/latex/graphics/graphicx.sty
Package: graphicx 2021/09/16 v1.2d Enhanced LaTeX Graphics (DPC,SPQR)

(c:/texlive/2022/texmf-dist/tex/latex/graphics/keyval.sty
Package: keyval 2022/05/29 v1.15 key=value parser (DPC)
\KV@toks@=\toks30
)
(c:/texlive/2022/texmf-dist/tex/latex/graphics/graphics.sty
Package: graphics 2022/03/10 v1.4e Standard LaTeX Graphics (DPC,SPQR)

(c:/texlive/2022/texmf-dist/tex/latex/graphics/trig.sty
Package: trig 2021/08/11 v1.11 sin cos tan (DPC)
)
(c:/texlive/2022/texmf-dist/tex/latex/graphics-cfg/graphics.cfg
File: graphics.cfg 2016/06/04 v1.11 sample graphics configuration
)
Package graphics Info: Driver file: pdftex.def on input line 107.

(c:/texlive/2022/texmf-dist/tex/latex/graphics-def/pdftex.def
File: pdftex.def 2022/09/22 v1.2b Graphics/color driver for pdftex
))
\Gin@req@height=\dimen151
\Gin@req@width=\dimen152
)
(c:/texlive/2022/texmf-dist/tex/latex/physics/physics.sty
Package: physics 

(c:/texlive/2022/texmf-dist/tex/latex/l3packages/xparse/xparse.sty
(c:/texlive/2022/texmf-dist/tex/latex/l3kernel/expl3.sty
Package: expl3 2023-02-22 L3 programming layer (loader) 

(c:/texlive/2022/texmf-dist/tex/latex/l3backend/l3backend-pdftex.def
File: l3backend-pdftex.def 2023-01-16 L3 backend support: PDF output (pdfTeX)
\l__color_backend_stack_int=\count274
\l__pdf_internal_box=\box53
))
Package: xparse 2023-02-02 L3 Experimental document command parser
))
(c:/texlive/2022/texmf-dist/tex/latex/mathtools/mathtools.sty
Package: mathtools 2022/06/29 v1.29 mathematical typesetting tools

(c:/texlive/2022/texmf-dist/tex/latex/tools/calc.sty
Package: calc 2017/05/25 v4.3 Infix arithmetic (KKT,FJ)
\calc@Acount=\count275
\calc@Bcount=\count276
\calc@Adimen=\dimen153
\calc@Bdimen=\dimen154
\calc@Askip=\skip56
\calc@Bskip=\skip57
LaTeX Info: Redefining \setlength on input line 80.
LaTeX Info: Redefining \addtolength on input line 81.
\calc@Ccount=\count277
\calc@Cskip=\skip58
)
(c:/texlive/2022/texmf-dist/tex/latex/mathtools/mhsetup.sty
Package: mhsetup 2021/03/18 v1.4 programming setup (MH)
)
\g_MT_multlinerow_int=\count278
\l_MT_multwidth_dim=\dimen155
\origjot=\skip59
\l_MT_shortvdotswithinadjustabove_dim=\dimen156
\l_MT_shortvdotswithinadjustbelow_dim=\dimen157
\l_MT_above_intertext_sep=\dimen158
\l_MT_below_intertext_sep=\dimen159
\l_MT_above_shortintertext_sep=\dimen160
\l_MT_below_shortintertext_sep=\dimen161
\xmathstrut@box=\box54
\xmathstrut@dim=\dimen162
)
(c:/texlive/2022/texmf-dist/tex/latex/hyperref/hyperref.sty
Package: hyperref 2023-02-07 v7.00v Hypertext links for LaTeX

(c:/texlive/2022/texmf-dist/tex/generic/ltxcmds/ltxcmds.sty
Package: ltxcmds 2020-05-10 v1.25 LaTeX kernel commands for general use (HO)
)
(c:/texlive/2022/texmf-dist/tex/generic/iftex/iftex.sty
Package: iftex 2022/02/03 v1.0f TeX engine tests
)
(c:/texlive/2022/texmf-dist/tex/generic/pdftexcmds/pdftexcmds.sty
Package: pdftexcmds 2020-06-27 v0.33 Utility functions of pdfTeX for LuaTeX (HO
)

(c:/texlive/2022/texmf-dist/tex/generic/infwarerr/infwarerr.sty
Package: infwarerr 2019/12/03 v1.5 Providing info/warning/error messages (HO)
)
Package pdftexcmds Info: \pdf@primitive is available.
Package pdftexcmds Info: \pdf@ifprimitive is available.
Package pdftexcmds Info: \pdfdraftmode found.
)
(c:/texlive/2022/texmf-dist/tex/latex/kvsetkeys/kvsetkeys.sty
Package: kvsetkeys 2022-10-05 v1.19 Key value parser (HO)
)
(c:/texlive/2022/texmf-dist/tex/generic/kvdefinekeys/kvdefinekeys.sty
Package: kvdefinekeys 2019-12-19 v1.6 Define keys (HO)
)
(c:/texlive/2022/texmf-dist/tex/generic/pdfescape/pdfescape.sty
Package: pdfescape 2019/12/09 v1.15 Implements pdfTeX's escape features (HO)
)
(c:/texlive/2022/texmf-dist/tex/latex/hycolor/hycolor.sty
Package: hycolor 2020-01-27 v1.10 Color options for hyperref/bookmark (HO)
)
(c:/texlive/2022/texmf-dist/tex/latex/letltxmacro/letltxmacro.sty
Package: letltxmacro 2019/12/03 v1.6 Let assignment for LaTeX macros (HO)
)
(c:/texlive/2022/texmf-dist/tex/latex/auxhook/auxhook.sty
Package: auxhook 2019-12-17 v1.6 Hooks for auxiliary files (HO)
)
(c:/texlive/2022/texmf-dist/tex/latex/hyperref/nameref.sty
Package: nameref 2022-05-17 v2.50 Cross-referencing by name of section

(c:/texlive/2022/texmf-dist/tex/latex/refcount/refcount.sty
Package: refcount 2019/12/15 v3.6 Data extraction from label references (HO)
)
(c:/texlive/2022/texmf-dist/tex/generic/gettitlestring/gettitlestring.sty
Package: gettitlestring 2019/12/15 v1.6 Cleanup title references (HO)

(c:/texlive/2022/texmf-dist/tex/latex/kvoptions/kvoptions.sty
Package: kvoptions 2022-06-15 v3.15 Key value format for package options (HO)
))
\c@section@level=\count279
)
\@linkdim=\dimen163
\Hy@linkcounter=\count280
\Hy@pagecounter=\count281

(c:/texlive/2022/texmf-dist/tex/latex/hyperref/pd1enc.def
File: pd1enc.def 2023-02-07 v7.00v Hyperref: PDFDocEncoding definition (HO)
Now handling font encoding PD1 ...
... no UTF-8 mapping file for font encoding PD1
)
(c:/texlive/2022/texmf-dist/tex/generic/intcalc/intcalc.sty
Package: intcalc 2019/12/15 v1.3 Expandable calculations with integers (HO)
)
(c:/texlive/2022/texmf-dist/tex/generic/etexcmds/etexcmds.sty
Package: etexcmds 2019/12/15 v1.7 Avoid name clashes with e-TeX commands (HO)
)
\Hy@SavedSpaceFactor=\count282

(c:/texlive/2022/texmf-dist/tex/latex/hyperref/puenc.def
File: puenc.def 2023-02-07 v7.00v Hyperref: PDF Unicode definition (HO)
Now handling font encoding PU ...
... no UTF-8 mapping file for font encoding PU
)
Package hyperref Info: Hyper figures OFF on input line 4177.
Package hyperref Info: Link nesting OFF on input line 4182.
Package hyperref Info: Hyper index ON on input line 4185.
Package hyperref Info: Plain pages OFF on input line 4192.
Package hyperref Info: Backreferencing OFF on input line 4197.
Package hyperref Info: Implicit mode ON; LaTeX internals redefined.
Package hyperref Info: Bookmarks ON on input line 4425.
\c@Hy@tempcnt=\count283

(c:/texlive/2022/texmf-dist/tex/latex/url/url.sty
\Urlmuskip=\muskip17
Package: url 2013/09/16  ver 3.4  Verb mode for urls, etc.
)
LaTeX Info: Redefining \url on input line 4763.
\XeTeXLinkMargin=\dimen164

(c:/texlive/2022/texmf-dist/tex/generic/bitset/bitset.sty
Package: bitset 2019/12/09 v1.3 Handle bit-vector datatype (HO)

(c:/texlive/2022/texmf-dist/tex/generic/bigintcalc/bigintcalc.sty
Package: bigintcalc 2019/12/15 v1.5 Expandable calculations on big integers (HO
)
))
\Fld@menulength=\count284
\Field@Width=\dimen165
\Fld@charsize=\dimen166
Package hyperref Info: Hyper figures OFF on input line 6042.
Package hyperref Info: Link nesting OFF on input line 6047.
Package hyperref Info: Hyper index ON on input line 6050.
Package hyperref Info: backreferencing OFF on input line 6057.
Package hyperref Info: Link coloring OFF on input line 6062.
Package hyperref Info: Link coloring with OCG OFF on input line 6067.
Package hyperref Info: PDF/A mode OFF on input line 6072.

(c:/texlive/2022/texmf-dist/tex/latex/base/atbegshi-ltx.sty
Package: atbegshi-ltx 2021/01/10 v1.0c Emulation of the original atbegshi
package with kernel methods
)
\Hy@abspage=\count285
\c@Item=\count286
\c@Hfootnote=\count287
)
Package hyperref Info: Driver (autodetected): hpdftex.

(c:/texlive/2022/texmf-dist/tex/latex/hyperref/hpdftex.def
File: hpdftex.def 2023-02-07 v7.00v Hyperref driver for pdfTeX

(c:/texlive/2022/texmf-dist/tex/latex/base/atveryend-ltx.sty
Package: atveryend-ltx 2020/08/19 v1.0a Emulation of the original atveryend pac
kage
with kernel methods
)
\Fld@listcount=\count288
\c@bookmark@seq@number=\count289

(c:/texlive/2022/texmf-dist/tex/latex/rerunfilecheck/rerunfilecheck.sty
Package: rerunfilecheck 2022-07-10 v1.10 Rerun checks for auxiliary files (HO)

(c:/texlive/2022/texmf-dist/tex/generic/uniquecounter/uniquecounter.sty
Package: uniquecounter 2019/12/15 v1.4 Provide unlimited unique counter (HO)
)
Package uniquecounter Info: New unique counter `rerunfilecheck' on input line 2
85.
)
\Hy@SectionHShift=\skip60
)
(c:/texlive/2022/texmf-dist/tex/latex/xcolor/xcolor.sty
Package: xcolor 2022/06/12 v2.14 LaTeX color extensions (UK)

(c:/texlive/2022/texmf-dist/tex/latex/graphics-cfg/color.cfg
File: color.cfg 2016/01/02 v1.6 sample color configuration
)
Package xcolor Info: Driver file: pdftex.def on input line 227.

(c:/texlive/2022/texmf-dist/tex/latex/graphics/mathcolor.ltx)
Package xcolor Info: Model `cmy' substituted by `cmy0' on input line 1353.
Package xcolor Info: Model `hsb' substituted by `rgb' on input line 1357.
Package xcolor Info: Model `RGB' extended on input line 1369.
Package xcolor Info: Model `HTML' substituted by `rgb' on input line 1371.
Package xcolor Info: Model `Hsb' substituted by `hsb' on input line 1372.
Package xcolor Info: Model `tHsb' substituted by `hsb' on input line 1373.
Package xcolor Info: Model `HSB' substituted by `hsb' on input line 1374.
Package xcolor Info: Model `Gray' substituted by `gray' on input line 1375.
Package xcolor Info: Model `wave' substituted by `hsb' on input line 1376.
)
Package hyperref Info: Option `colorlinks' set `false' on input line 17.
\c@df=\count290
\c@cor=\count291
\c@obs=\count292
\c@prop=\count293
\c@lema=\count294
\c@teo=\count295
 (./Apuntes.aux
LaTeX Info: Redefining \. on input line 22.
LaTeX Info: Redefining \% on input line 22.
)
\openout1 = `Apuntes.aux'.

LaTeX Font Info:    Checking defaults for OML/cmm/m/it on input line 75.
LaTeX Font Info:    ... okay on input line 75.
LaTeX Font Info:    Checking defaults for OMS/cmsy/m/n on input line 75.
LaTeX Font Info:    ... okay on input line 75.
LaTeX Font Info:    Checking defaults for OT1/cmr/m/n on input line 75.
LaTeX Font Info:    ... okay on input line 75.
LaTeX Font Info:    Checking defaults for T1/cmr/m/n on input line 75.
LaTeX Font Info:    ... okay on input line 75.
LaTeX Font Info:    Checking defaults for TS1/cmr/m/n on input line 75.
LaTeX Font Info:    ... okay on input line 75.
LaTeX Font Info:    Checking defaults for OMX/cmex/m/n on input line 75.
LaTeX Font Info:    ... okay on input line 75.
LaTeX Font Info:    Checking defaults for U/cmr/m/n on input line 75.
LaTeX Font Info:    ... okay on input line 75.
LaTeX Font Info:    Checking defaults for PD1/pdf/m/n on input line 75.
LaTeX Font Info:    ... okay on input line 75.
LaTeX Font Info:    Checking defaults for PU/pdf/m/n on input line 75.
LaTeX Font Info:    ... okay on input line 75.
LaTeX Info: Redefining \. on input line 75.
LaTeX Info: Redefining \% on input line 75.

(c:/texlive/2022/texmf-dist/tex/context/base/mkii/supp-pdf.mkii
[Loading MPS to PDF converter (version 2006.09.02).]
\scratchcounter=\count296
\scratchdimen=\dimen167
\scratchbox=\box55
\nofMPsegments=\count297
\nofMParguments=\count298
\everyMPshowfont=\toks31
\MPscratchCnt=\count299
\MPscratchDim=\dimen168
\MPnumerator=\count300
\makeMPintoPDFobject=\count301
\everyMPtoPDFconversion=\toks32
) (c:/texlive/2022/texmf-dist/tex/latex/epstopdf-pkg/epstopdf-base.sty
Package: epstopdf-base 2020-01-24 v2.11 Base part for package epstopdf
Package epstopdf-base Info: Redefining graphics rule for `.eps' on input line 4
85.

(c:/texlive/2022/texmf-dist/tex/latex/latexconfig/epstopdf-sys.cfg
File: epstopdf-sys.cfg 2010/07/13 v1.3 Configuration of (r)epstopdf for TeX Liv
e
))
Package hyperref Info: Link coloring OFF on input line 75.

(./Apuntes.out) (./Apuntes.out)
\@outlinefile=\write3
\openout3 = `Apuntes.out'.



LaTeX Font Warning: Font shape `T1/cmr/m/scit' undefined
(Font)              using `T1/cmr/m/scsl' instead on input line 91.

[1

{c:/texlive/2022/texmf-var/fonts/map/pdftex/updmap/pdftex.map}]
(./Apuntes.toc
LaTeX Info: Redefining \. on input line 1.
LaTeX Info: Redefining \% on input line 1.
LaTeX Font Info:    Trying to load font information for U+msa on input line 3.
 (c:/texlive/2022/texmf-dist/tex/latex/amsfonts/umsa.fd
File: umsa.fd 2013/01/14 v3.01 AMS symbols A
)
LaTeX Font Info:    Trying to load font information for U+msb on input line 3.

(c:/texlive/2022/texmf-dist/tex/latex/amsfonts/umsb.fd
File: umsb.fd 2013/01/14 v3.01 AMS symbols B
))
\tf@toc=\write4
\openout4 = `Apuntes.toc'.


pdfTeX warning (ext4): destination with the same identifier (name{page.1}) has 
been already used, duplicate ignored
<to be read again> 
                   \relax 
l.96 \newpage
              [1] (./src/1_Generalidades_sobre_anillos.tex)
(./src/2_Generalidades_sobre_anillos.tex [2] [3]
Overfull \hbox (41.5792pt too wide) detected at line 129
\OML/cmm/m/it/12 f[]\OT1/cmr/m/n/12 (\OML/cmm/m/it/12 x\OT1/cmr/m/n/12 ) = [] \
OML/cmm/m/it/12 f[]\OT1/cmr/m/n/12 (\OML/cmm/m/it/12 b[]\OT1/cmr/m/n/12 )\OML/c
mm/m/it/12 f[]\OT1/cmr/m/n/12 (\OML/cmm/m/it/12 p[]\OT1/cmr/m/n/12 ) = \OML/cmm
/m/it/12 f[]\OT1/cmr/m/n/12 (\OML/cmm/m/it/12 b[]\OT1/cmr/m/n/12 )\OML/cmm/m/it
/12 f[]\OT1/cmr/m/n/12 (\OML/cmm/m/it/12 p[]\OT1/cmr/m/n/12 ) = \OML/cmm/m/it/1
2 f[]\OT1/cmr/m/n/12 (\OML/cmm/m/it/12 b[]\OT1/cmr/m/n/12 (1 \OMS/cmsy/m/n/12 ^
^@ \OML/cmm/m/it/12 a[]\OT1/cmr/m/n/12 )) = \OML/cmm/m/it/12 f[]\OT1/cmr/m/n/12
 (\OML/cmm/m/it/12 b[]\OT1/cmr/m/n/12 ) \OMS/cmsy/m/n/12 ^^@ \OML/cmm/m/it/12 f
[]\OT1/cmr/m/n/12 (\OML/cmm/m/it/12 b[]\OT1/cmr/m/n/12 )\OML/cmm/m/it/12 f[]\OT
1/cmr/m/n/12 (\OML/cmm/m/it/12 a[]\OT1/cmr/m/n/12 ) = \OML/cmm/m/it/12 f[]\OT1/
cmr/m/n/12 (\OML/cmm/m/it/12 b[]\OT1/cmr/m/n/12 )
 []

) (./src/3_Generalidades_sobre_anillos.tex [4] [5])
(./src/4_Generalidades_sobre_anillos.tex [6]) (./src/5_Modulos.tex [7]
Overfull \hbox (28.4392pt too wide) in paragraph at lines 18--19
[][]\T1/cmr/bx/n/12 Definición 7 \T1/cmr/m/n/12 (Ani-llo de en-do-mor-fis-mo de
 $\OML/cmm/m/it/12 M$\T1/cmr/m/n/12 )\T1/cmr/bx/n/12 . []\T1/cmr/m/n/12 De-fi-n
i-mos di-rec-ta-men-te $[]\OT1/cmr/m/n/12 (\OML/cmm/m/it/12 M\OT1/cmr/m/n/12 ) 
:=
 []

[8]) (./src/6_Modulos.tex
Overfull \hbox (13.04433pt too wide) in paragraph at lines 26--32
[]\T1/cmr/m/n/12 Tomamos la bi-yec-ción $\OML/cmm/m/it/12  [] \OT1/cmr/m/n/12 :
 [](\OML/cmm/m/it/12 A; []\OT1/cmr/m/n/12 (\OML/cmm/m/it/12 M; M\OT1/cmr/m/n/12
 )) [][]\OMS/cmsy/m/n/12 ! []\OT1/cmr/m/n/12 (\OML/cmm/m/it/12 A \OMS/cmsy/m/n/
12 ^^B
 []


Overfull \hbox (11.84724pt too wide) detected at line 43
\OT1/cmr/m/n/12 (\OML/cmm/m/it/12 aa[]\OT1/cmr/m/n/12 )\OML/cmm/m/it/12 m \OT1/
cmr/m/n/12 = \OML/cmm/m/it/12 ^^Z\OT1/cmr/m/n/12 (\OML/cmm/m/it/12 aa[]\OT1/cmr
/m/n/12 )(\OML/cmm/m/it/12 m\OT1/cmr/m/n/12 ) = (\OML/cmm/m/it/12 ^^Z\OT1/cmr/m
/n/12 (\OML/cmm/m/it/12 a\OT1/cmr/m/n/12 ) \OMS/cmsy/m/n/12 ^^N \OML/cmm/m/it/1
2 ^^Z\OT1/cmr/m/n/12 (\OML/cmm/m/it/12 a[]\OT1/cmr/m/n/12 ))(\OML/cmm/m/it/12 m
\OT1/cmr/m/n/12 ) = \OML/cmm/m/it/12 ^^Z\OT1/cmr/m/n/12 (\OML/cmm/m/it/12 a\OT1
/cmr/m/n/12 )(\OML/cmm/m/it/12 ^^Z\OT1/cmr/m/n/12 (\OML/cmm/m/it/12 a[]\OT1/cmr
/m/n/12 )(\OML/cmm/m/it/12 m\OT1/cmr/m/n/12 )) = \OML/cmm/m/it/12 ^^Z\OT1/cmr/m
/n/12 (\OML/cmm/m/it/12 a\OT1/cmr/m/n/12 )(\OML/cmm/m/it/12 a[]m\OT1/cmr/m/n/12
 ) = \OML/cmm/m/it/12 a\OT1/cmr/m/n/12 (\OML/cmm/m/it/12 a[]m\OT1/cmr/m/n/12 )
 []

[9]) (./src/7_Modulos_sobre_Kx.tex

Package hyperref Warning: Token not allowed in a PDF string (Unicode):
(hyperref)                removing `math shift' on input line 1.


Package hyperref Warning: Token not allowed in a PDF string (Unicode):
(hyperref)                removing `math shift' on input line 1.

) (./src/8_Modulos_sobre_Kx.tex) (./src/9_Modulos_abstractos.tex [10] [11])
(./src/10_Modulos_abstractos.tex [12]) (./src/11_Modulos_acotados_sobre_DIP.tex
[13]) (./src/12_Modulos_acotados_sobre_DIP.tex)
(./src/13_Homomorfismos_de_modulos.tex [14] [15])
(./src/15_Suma_directa_interna.tex [16]) (./src/17_Modulos_Noetherianos.tex
[17] [18] [19] [20]) (./src/19_Modulos_Artinianos.tex)
(./src/20_Modulos_de_longitud_finita.tex [21] [22])
(./src/21_Modulos_de_longitud_finita.tex [23])
(./src/22_Modulos_de_longitud_finita.tex [24] [25] [26])
(./src/23_Modulos_de_longitud_finita.tex [27] [28])
(./src/24_Modulos_de_longitud_finita.tex
Overfull \hbox (17.24956pt too wide) in paragraph at lines 26--29
[]\T1/cmr/m/n/12 Por in-duc-ción so-bre $\OML/cmm/m/it/12 `\OT1/cmr/m/n/12 (\OM
L/cmm/m/it/12 M\OT1/cmr/m/n/12 )$\T1/cmr/m/n/12 , te-ne-mos $\OML/cmm/m/it/12 x
[]; x[]; [] ; x[] \OMS/cmsy/m/n/12 2 \OML/cmm/m/it/12 N$ \T1/cmr/m/n/12 y $\OML
/cmm/m/it/12 N \OT1/cmr/m/n/12 = \OML/cmm/m/it/12 Ax[][] [] []Ax[]$\T1/cmr/m/n/
12 .
 []

[29]) (./src/25_Modulos_de_longitud_finita.tex [30] [31])
(./src/26_Modulos_de_longitud_finita.tex [32])
(./src/27_Modulos_de_longitud_finita.tex
Overfull \hbox (3.05475pt too wide) in paragraph at lines 11--13
[]\T1/cmr/m/n/12 Si $\OML/cmm/m/it/12 x \OMS/cmsy/m/n/12 2 \U/msb/m/n/12 R[]$\T
1/cmr/m/n/12 , to-ma-mos $\OML/cmm/m/it/12 y \OT1/cmr/m/n/12 = \OML/cmm/m/it/12
 xe[]$ \T1/cmr/m/n/12 y $\OML/cmm/m/it/12 y[] \OT1/cmr/m/n/12 = \OML/cmm/m/it/1
2 xe[]B \OT1/cmr/m/n/12 = \OML/cmm/m/it/12 yB$ \T1/cmr/m/n/12 don-de $\OML/cmm/
m/it/12 e[] \OT1/cmr/m/n/12 = [][] []\OML/cmm/m/it/12 S[]$\T1/cmr/m/n/12 . 
 []

[33] [34]
Overfull \hbox (62.53412pt too wide) detected at line 143
\OML/cmm/m/it/12 e[] \OT1/cmr/m/n/12 = \OML/cmm/m/it/12 e[] \OT1/cmr/m/n/12 = \
OML/cmm/m/it/12 e[]e[] \OT1/cmr/m/n/12 = [] [] = []
 []

) (./src/28_Teoria_de_modulos.tex [35] [36]) (./src/29_Teoria_de_modulos.tex
[37]
Overfull \hbox (9.37903pt too wide) in paragraph at lines 41--47
[]$\OML/cmm/m/it/12 P \OT1/cmr/m/n/12 = \OMS/cmsy/m/n/12 f[]g$\T1/cmr/m/n/12 .
 []

[38]) (./src/30_Presentaciones.tex [39]) (./src/31_Presentaciones.tex [40]
[41]) (./src/32_Presentaciones.tex [42]) (./src/33_Presentaciones.tex [43]
[44]) (./src/34_Presentaciones.tex [45]
Overfull \hbox (3.97325pt too wide) in paragraph at lines 59--61
[]\T1/cmr/m/n/12 Tomamos $\U/msb/m/n/12 Z$\T1/cmr/m/n/12 -módulos li-bres $\OML
/cmm/m/it/12 F[]$ \T1/cmr/m/n/12 con ba-ses $\OMS/cmsy/m/n/12 f\OML/cmm/m/it/12
 f[]; f[]; f[]\OMS/cmsy/m/n/12 g$ \T1/cmr/m/n/12 y $\OML/cmm/m/it/12 E[]$ \T1/c
mr/m/n/12 con ba-ses $\OMS/cmsy/m/n/12 f\OML/cmm/m/it/12 e[]; e[]\OMS/cmsy/m/n/
12 g$\T1/cmr/m/n/12 . 
 []

[46]) (./src/35_Presentaciones.tex [47]
Overfull \hbox (22.52043pt too wide) in paragraph at lines 119--122
[]\T1/cmr/m/n/12 Tenemos que $[][]\OT1/cmr/m/n/12 (\OML/cmm/m/it/12 x[]\OT1/cmr
/m/n/12 ) = \OML/cmm/m/it/12 K\OT1/cmr/m/n/12 [\OML/cmm/m/it/12 x\OT1/cmr/m/n/1
2 ]$\T1/cmr/m/n/12 , $[][]\OT1/cmr/m/n/12 (\OML/cmm/m/it/12 x[]\OT1/cmr/m/n/12 
) = 2\OML/cmm/m/it/12 K\OT1/cmr/m/n/12 [\OML/cmm/m/it/12 x\OT1/cmr/m/n/12 ] = \
OML/cmm/m/it/12 K\OT1/cmr/m/n/12 [\OML/cmm/m/it/12 x\OT1/cmr/m/n/12 ]$ \T1/cmr/
m/n/12 y $[][]\OT1/cmr/m/n/12 (\OML/cmm/m/it/12 x[]\OT1/cmr/m/n/12 ) =
 []

[48]) (./src/36_Presentaciones.tex
Overfull \hbox (1.98624pt too wide) in paragraph at lines 30--34
\T1/cmr/m/n/12 Pero po-de-mos di-vi-dir $\U/msb/m/n/12 R\OT1/cmr/m/n/12 [\OML/c
mm/m/it/12 x\OT1/cmr/m/n/12 ]\OML/cmm/m/it/12 u[]$ \T1/cmr/m/n/12 aún más. Lla-
ma-mos $\OML/cmm/m/it/12 x[] \OT1/cmr/m/n/12 = (\OML/cmm/m/it/12 x \OMS/cmsy/m/
n/12 ^^@ \OML/cmm/m/it/12 z\OT1/cmr/m/n/12 )\OML/cmm/m/it/12 u[]$\T1/cmr/m/n/12
 , $[][]\OT1/cmr/m/n/12 (\OML/cmm/m/it/12 x[]\OT1/cmr/m/n/12 ) =
 []

[49] [50]) (./src/37_Semisimples.tex [51] [52]) (./src/38_Semisimples.tex
[53] [54]) (./src/39_Semisimples.tex [55]
Overfull \hbox (30.5657pt too wide) in paragraph at lines 80--82
[][]\T1/cmr/bx/n/12 Definición 48 \T1/cmr/m/n/12 (Bien-do-mor-fis-mos)\T1/cmr/b
x/n/12 . []\T1/cmr/m/n/12 ¾Quién es $[][]\OT1/cmr/m/n/12 (\OML/cmm/m/it/12 M\OT
1/cmr/m/n/12 )$\T1/cmr/m/n/12 ? Ob-via-men-te, $[][]\OT1/cmr/m/n/12 (\OML/cmm/m
/it/12 M\OT1/cmr/m/n/12 ) \OMS/cmsy/m/n/12 ^^R
 []

[56]) (./src/40_Semisimples.tex
Overfull \hbox (13.70699pt too wide) in paragraph at lines 37--42
\OML/cmm/m/it/12 Rm$ \T1/cmr/m/n/12 es un $\OML/cmm/m/it/12 R$\T1/cmr/m/n/12 -s
umando di-rec-to de $\OML/cmm/m/it/12 M[]$\T1/cmr/m/n/12 . En-ton-ces $\OML/cmm
/m/it/12 Rm$ \T1/cmr/m/n/12 es un $[][]\OT1/cmr/m/n/12 (\OML/cmm/m/it/12 M[]\OT
1/cmr/m/n/12 )$\T1/cmr/m/n/12 -submódulo
 []

[57]) (./src/41_Semisimples.tex [58]
Overfull \hbox (12.32993pt too wide) in paragraph at lines 79--83
[]\T1/cmr/m/it/12 Además, pa-ra la se-gun-da afir-ma-ción se da ne-ce-sa-ria-me
n-te que $\OML/cmm/m/it/12 D [] [][]\OT1/cmr/m/n/12 (^^F)$
 []

[59] [60]) (./src/42_Componentes_Homogeneas.tex)
(./src/43_Componentes_Homogeneas.tex [61]
Overfull \hbox (18.19978pt too wide) in paragraph at lines 53--57
\T1/cmr/m/n/12 es un ho-mo-mor-fis-mo de ani-llos cu-yo nú-cleo es $[][] [][]\O
T1/cmr/m/n/12 (^^F[]) = [][] [][](\OML/cmm/m/it/12 S[]\OT1/cmr/m/n/12 ) =
 []


Overfull \hbox (25.81688pt too wide) in paragraph at lines 58--64
\T1/cmr/m/n/12 re-ma nos ga-ran-ti-za que $\OML/cmm/m/it/12 R= [][]\OT1/cmr/m/n
/12 (^^F[]) [] [][](^^F[])$ \T1/cmr/m/n/12 pa-ra $\OML/cmm/m/it/12 D[] \OT1/cmr
/m/n/12 = [][](^^F[]) []
 []

) (./src/44_Idempotentes.tex [62] [63]
Overfull \hbox (38.3243pt too wide) in paragraph at lines 94--96
[]\T1/cmr/m/n/12 Supongamos que ha-ya dos ta-les con-jun-tos $\OMS/cmsy/m/n/12 
f\OML/cmm/m/it/12 e[]; [] ; e[]\OMS/cmsy/m/n/12 g$ \T1/cmr/m/n/12 y $\OMS/cmsy/
m/n/12 f\OML/cmm/m/it/12 f[]; [] ; f[]\OMS/cmsy/m/n/12 g$\T1/cmr/m/n/12 .
 []

) (./src/45_Idempotentes.tex [64]
Overfull \hbox (37.37805pt too wide) in paragraph at lines 37--41
[][]\T1/cmr/bx/n/12 Teorema 16 \T1/cmr/m/n/12 (Teo-re-ma de Ar-ti-n--Wed-der-bu
rn)\T1/cmr/bx/n/12 . []\T1/cmr/m/it/12 Si $\OML/cmm/m/it/12 R [] [][]\OT1/cmr/m
/n/12 (^^F[]) \OMS/cmsy/m/n/12 ^^B [] [][]\OT1/cmr/m/n/12 (^^F[]) []
 []

) (./src/46_Dual.tex [65]) (./src/47_Dual.tex
Overfull \hbox (21.07196pt too wide) in paragraph at lines 2--8
[][]\T1/cmr/bx/n/12 Proposición 30. []\T1/cmr/m/it/12 Si $[][][]\OML/cmm/m/it/1
2 M$ \T1/cmr/m/it/12 tie-ne una ba-se $\OMS/cmsy/m/n/12 f\OML/cmm/m/it/12 v[]; 
[] ; v[]\OMS/cmsy/m/n/12 g$\T1/cmr/m/it/12 , pue-do de-fi-nir $\OMS/cmsy/m/n/12
 f[][][][]\OML/cmm/m/it/12 ; [] ; [][][][]\OMS/cmsy/m/n/12 g$\T1/cmr/m/it/12 ,
 []

[66]
Overfull \hbox (10.78409pt too wide) in paragraph at lines 93--99
[]\T1/cmr/m/n/12 Ejemplo: $\OT1/cmr/m/n/12 (\U/msb/m/n/12 H\OML/cmm/m/it/12 ; \
OT1/cmr/m/n/12 2)$\T1/cmr/m/n/12 . Sea $[][][]\OML/cmm/m/it/12 V$ \T1/cmr/m/n/1
2 un es-pa-cio de di-men-sión 2. Cui-da-do que $[][]\OT1/cmr/m/n/12 (\OML/cmm/m
/it/12 V\OT1/cmr/m/n/12 ) []
 []

) (./src/48_Aplicaciones.tex

Package hyperref Warning: Token not allowed in a PDF string (Unicode):
(hyperref)                removing `math shift' on input line 2.

[67] [68]) (./src/49_Aplicaciones.tex [69]) (./src/50_Aplicaciones.tex [70]
Overfull \hbox (65.89189pt too wide) detected at line 74
\OML/cmm/m/it/12 f\OT1/cmr/m/n/12 (\OML/cmm/m/it/12 v[]\OT1/cmr/m/n/12 )(\OML/c
mm/m/it/12 x\OT1/cmr/m/n/12 ) = \OML/cmm/m/it/12 f\OT1/cmr/m/n/12 (\OML/cmm/m/i
t/12 v[]\OT1/cmr/m/n/12 )(\OML/cmm/m/it/12 ex\OT1/cmr/m/n/12 ) = \OML/cmm/m/it/
12 xf\OT1/cmr/m/n/12 (\OML/cmm/m/it/12 v[]\OT1/cmr/m/n/12 )(\OML/cmm/m/it/12 e\
OT1/cmr/m/n/12 ) = \OML/cmm/m/it/12 f\OT1/cmr/m/n/12 (\OML/cmm/m/it/12 xv[]\OT1
/cmr/m/n/12 )(\OML/cmm/m/it/12 e\OT1/cmr/m/n/12 ) = [] \OML/cmm/m/it/12 t[]\OT1
/cmr/m/n/12 (\OML/cmm/m/it/12 x\OT1/cmr/m/n/12 )\OML/cmm/m/it/12 f\OT1/cmr/m/n/
12 (\OML/cmm/m/it/12 v[]\OT1/cmr/m/n/12 )(\OML/cmm/m/it/12 e\OT1/cmr/m/n/12 ) =
 [] (\OML/cmm/m/it/12 x\OT1/cmr/m/n/12 )
 []

[71]) (./src/51_Aplicaciones.tex [72] [73]) (./src/52_Aplicaciones.tex [74]
[75]) (./src/53_Aplicaciones.tex [76]
Overfull \hbox (5.05734pt too wide) in paragraph at lines 127--131
[]\T1/cmr/m/n/12 Tenemos en-ton-ces que $\OML/cmm/m/it/12 t[]\OT1/cmr/m/n/12 (\
OML/cmm/m/it/12 s[]r[]\OT1/cmr/m/n/12 ) = \OML/cmm/m/it/12 ^^_[]\OT1/cmr/m/n/12
 (\OML/cmm/m/it/12 a\OT1/cmr/m/n/12 )\OML/cmm/m/it/12 []$\T1/cmr/m/n/12 , $\OM
L/cmm/m/it/12 t[]\OT1/cmr/m/n/12 (\OML/cmm/m/it/12 s[]r[]\OT1/cmr/m/n/12 ) = \O
ML/cmm/m/it/12 ^^_[]\OT1/cmr/m/n/12 (\OML/cmm/m/it/12 a\OT1/cmr/m/n/12 )\OML/cm
m/m/it/12 []$\T1/cmr/m/n/12 , $\OML/cmm/m/it/12 t[]\OT1/cmr/m/n/12 (\OML/cmm/m
/it/12 s[]r[]\OT1/cmr/m/n/12 ) =
 []

) (./src/54_Aplicaciones.tex [77]) (./src/55_Esfera.tex [78])
(./src/56_Esfera.tex [79]) [80] (./Apuntes.aux
LaTeX Info: Redefining \. on input line 22.
LaTeX Info: Redefining \% on input line 22.
)
Package rerunfilecheck Info: File `Apuntes.out' has not changed.
(rerunfilecheck)             Checksum: 6832F1CAB6291BB5B6922488588616EA;4902.
 ) 
Here is how much of TeX's memory you used:
 13548 strings out of 476024
 207204 string characters out of 5794016
 1872382 words of memory out of 5000000
 33312 multiletter control sequences out of 15000+600000
 531144 words of font info for 79 fonts, out of 8000000 for 9000
 1141 hyphenation exceptions out of 8191
 75i,15n,77p,388b,641s stack positions out of 10000i,1000n,20000p,200000b,200000s
{c:/texlive/2022/texmf-dist/fonts/enc/dvips/cm-super/cm-super-t1.enc}<c:/texl
ive/2022/texmf-dist/fonts/type1/public/amsfonts/cm/cmex10.pfb><c:/texlive/2022/
texmf-dist/fonts/type1/public/amsfonts/cm/cmmi12.pfb><c:/texlive/2022/texmf-dis
t/fonts/type1/public/amsfonts/cm/cmmi6.pfb><c:/texlive/2022/texmf-dist/fonts/ty
pe1/public/amsfonts/cm/cmmi8.pfb><c:/texlive/2022/texmf-dist/fonts/type1/public
/amsfonts/cm/cmr12.pfb><c:/texlive/2022/texmf-dist/fonts/type1/public/amsfonts/
cm/cmr6.pfb><c:/texlive/2022/texmf-dist/fonts/type1/public/amsfonts/cm/cmr8.pfb
><c:/texlive/2022/texmf-dist/fonts/type1/public/amsfonts/cm/cmsy10.pfb><c:/texl
ive/2022/texmf-dist/fonts/type1/public/amsfonts/cm/cmsy6.pfb><c:/texlive/2022/t
exmf-dist/fonts/type1/public/amsfonts/cm/cmsy8.pfb><c:/texlive/2022/texmf-dist/
fonts/type1/public/amsfonts/symbols/msbm10.pfb><c:/texlive/2022/texmf-dist/font
s/type1/public/cm-super/sfbx1200.pfb><c:/texlive/2022/texmf-dist/fonts/type1/pu
blic/cm-super/sfbx1440.pfb><c:/texlive/2022/texmf-dist/fonts/type1/public/cm-su
per/sfbx1728.pfb><c:/texlive/2022/texmf-dist/fonts/type1/public/cm-super/sfcc14
40.pfb><c:/texlive/2022/texmf-dist/fonts/type1/public/cm-super/sfcc2488.pfb><c:
/texlive/2022/texmf-dist/fonts/type1/public/cm-super/sfrm0800.pfb><c:/texlive/2
022/texmf-dist/fonts/type1/public/cm-super/sfrm1200.pfb><c:/texlive/2022/texmf-
dist/fonts/type1/public/cm-super/sfsc1200.pfb><c:/texlive/2022/texmf-dist/fonts
/type1/public/cm-super/sfti1200.pfb>
Output written on Apuntes.pdf (81 pages, 567706 bytes).
PDF statistics:
 892 PDF objects out of 1000 (max. 8388607)
 761 compressed objects within 8 object streams
 345 named destinations out of 1000 (max. 500000)
 201 words of extra memory for PDF output out of 10000 (max. 10000000)

