\BOOKMARK [1][-]{section.1}{\376\377\000I\000n\000t\000r\000o\000d\000u\000c\000c\000i\000\363\000n}{}% 1
\BOOKMARK [2][-]{subsection.1.1}{\376\377\000G\000e\000n\000e\000r\000a\000l\000i\000d\000a\000d\000e\000s\000\040\000s\000o\000b\000r\000e\000\040\000a\000n\000i\000l\000l\000o\000s}{section.1}% 2
\BOOKMARK [3][-]{subsubsection.1.1.1}{\376\377\000I\000n\000t\000e\000r\000p\000o\000l\000a\000c\000i\000\363\000n}{subsection.1.1}% 3
\BOOKMARK [3][-]{subsubsection.1.1.2}{\376\377\000T\000r\000a\000n\000s\000f\000o\000r\000m\000a\000d\000a\000\040\000d\000i\000s\000c\000r\000e\000t\000a\000\040\000d\000e\000\040\000F\000o\000u\000r\000i\000e\000r}{subsection.1.1}% 4
\BOOKMARK [1][-]{section.2}{\376\377\000I\000n\000t\000r\000o\000d\000u\000c\000c\000i\000\363\000n\000\040\000a\000l\000\040\000c\000o\000n\000c\000e\000p\000t\000o\000\040\000d\000e\000\040\000m\000\363\000d\000u\000l\000o}{}% 5
\BOOKMARK [2][-]{subsection.2.1}{\376\377\000K\000[\000x\000]\000-\000m\000\363\000d\000u\000l\000o\000s\000\040\000c\000o\000n\000\040\000K\000\040\000c\000u\000e\000r\000p\000o}{section.2}% 6
\BOOKMARK [2][-]{subsection.2.2}{\376\377\000M\000\363\000d\000u\000l\000o\000s\000\040\000a\000b\000s\000t\000r\000a\000c\000t\000o\000s}{section.2}% 7
\BOOKMARK [3][-]{subsubsection.2.2.1}{\376\377\000S\000u\000m\000a\000\040\000d\000i\000r\000e\000c\000t\000a\000\040\000i\000n\000t\000e\000r\000n\000a}{subsection.2.2}% 8
\BOOKMARK [3][-]{subsubsection.2.2.2}{\376\377\000M\000\363\000d\000u\000l\000o\000s\000\040\000a\000c\000o\000t\000a\000d\000o\000s\000\040\000s\000o\000b\000r\000e\000\040\000u\000n\000\040\000D\000I\000P}{subsection.2.2}% 9
\BOOKMARK [2][-]{subsection.2.3}{\376\377\000H\000o\000m\000o\000m\000o\000r\000f\000i\000s\000m\000o\000s\000\040\000d\000e\000\040\000m\000\363\000d\000u\000l\000o\000s}{section.2}% 10
\BOOKMARK [3][-]{subsubsection.2.3.1}{\376\377\000S\000u\000m\000a\000\040\000d\000i\000r\000e\000c\000t\000a\000\040\000e\000x\000t\000e\000r\000n\000a}{subsection.2.3}% 11
\BOOKMARK [1][-]{section.3}{\376\377\000M\000\363\000d\000u\000l\000o\000s\000\040\000n\000o\000e\000t\000h\000e\000r\000i\000a\000n\000o\000s\000,\000\040\000a\000r\000t\000i\000n\000i\000a\000n\000o\000s\000\040\000y\000\040\000d\000e\000\040\000l\000o\000n\000g\000i\000t\000u\000d\000\040\000f\000i\000n\000i\000t\000a}{}% 12
\BOOKMARK [2][-]{subsection.3.1}{\376\377\000M\000\363\000d\000u\000l\000o\000s\000\040\000n\000o\000e\000t\000h\000e\000r\000i\000a\000n\000o\000s}{section.3}% 13
\BOOKMARK [2][-]{subsection.3.2}{\376\377\000M\000\363\000d\000u\000l\000o\000s\000\040\000a\000r\000t\000i\000n\000i\000a\000n\000o\000s}{section.3}% 14
\BOOKMARK [2][-]{subsection.3.3}{\376\377\000M\000\363\000d\000u\000l\000o\000s\000\040\000d\000e\000\040\000l\000o\000n\000g\000i\000t\000u\000d\000\040\000f\000i\000n\000i\000t\000a}{section.3}% 15
\BOOKMARK [3][-]{subsubsection.3.3.1}{\376\377\000M\000\363\000d\000u\000l\000o\000s\000\040\000d\000e\000\040\000l\000o\000n\000g\000i\000t\000u\000d\000\040\000f\000i\000n\000i\000t\000a\000\040\000s\000o\000b\000r\000e\000\040\000u\000n\000\040\000D\000I\000P}{subsection.3.3}% 16
\BOOKMARK [1][-]{section.4}{\376\377\000T\000e\000o\000r\000\355\000a\000\040\000d\000e\000\040\000m\000\363\000d\000u\000l\000o\000s}{}% 17
\BOOKMARK [2][-]{subsection.4.1}{\376\377\000P\000r\000e\000s\000e\000n\000t\000a\000c\000i\000o\000n\000e\000s\000\040\000d\000e\000\040\000m\000\363\000d\000u\000l\000o\000s}{section.4}% 18
\BOOKMARK [2][-]{subsection.4.2}{\376\377\000M\000\363\000d\000u\000l\000o\000s\000\040\000s\000e\000m\000i\000s\000i\000m\000p\000l\000e\000s}{section.4}% 19
\BOOKMARK [3][-]{subsubsection.4.2.1}{\376\377\000A\000n\000i\000l\000l\000o\000s\000\040\000s\000e\000m\000i\000s\000i\000m\000p\000l\000e\000s}{subsection.4.2}% 20
\BOOKMARK [2][-]{subsection.4.3}{\376\377\000D\000e\000s\000c\000o\000m\000p\000o\000s\000i\000c\000i\000\363\000n\000\040\000d\000e\000\040\000a\000n\000i\000l\000l\000o\000s\000\040\000e\000n\000\040\000i\000d\000e\000a\000l\000e\000s\000\040\000i\000n\000d\000e\000s\000c\000o\000m\000p\000o\000n\000i\000b\000l\000e\000s}{section.4}% 21
\BOOKMARK [2][-]{subsection.4.4}{\376\377\000M\000\363\000d\000u\000l\000o\000s\000\040\000a\000\040\000d\000e\000r\000e\000c\000h\000a}{section.4}% 22
\BOOKMARK [1][-]{section.5}{\376\377\000A\000l\000g\000u\000n\000a\000s\000\040\000a\000p\000l\000i\000c\000a\000c\000i\000o\000n\000e\000s}{}% 23
\BOOKMARK [2][-]{subsection.5.1}{\376\377\000C\000-\000\341\000l\000g\000e\000b\000r\000a\000s\000\040\000d\000e\000\040\000g\000r\000u\000p\000o\000s\000\040\000f\000i\000n\000i\000t\000o\000s}{section.5}% 24
\BOOKMARK [2][-]{subsection.5.2}{\376\377\000E\000l\000\040\000c\000a\000s\000o\000\040\000d\000e\000\040\000l\000a\000\040\000c\000i\000r\000c\000u\000n\000f\000e\000r\000e\000n\000c\000i\000a\000\040\000u\000n\000i\000d\000a\000d}{section.5}% 25
